Analysis & Synthesis report for fft
Sat Sep 22 20:12:37 2018
Quartus II 64-Bit Version 13.0.0 Build 156 04/24/2013 SJ Full Version


---------------------
; Table of Contents ;
---------------------
  1. Legal Notice
  2. Analysis & Synthesis Summary
  3. Analysis & Synthesis Settings
  4. Parallel Compilation
  5. Analysis & Synthesis Source Files Read
  6. Analysis & Synthesis Resource Usage Summary
  7. Analysis & Synthesis Resource Utilization by Entity
  8. Analysis & Synthesis RAM Summary
  9. Analysis & Synthesis DSP Block Usage Summary
 10. Analysis & Synthesis IP Cores Summary
 11. State Machine - |fft|next_state
 12. State Machine - |fft|current_state
 13. Registers Removed During Synthesis
 14. General Register Statistics
 15. Multiplexer Restructuring Statistics (Restructuring Performed)
 16. Source assignments for ram128:ram_rel|altsyncram:altsyncram_component|altsyncram_j6g1:auto_generated
 17. Source assignments for wnp:wnp_tab|altsyncram:altsyncram_component|altsyncram_ufa1:auto_generated
 18. Parameter Settings for User Entity Instance: ram128:ram_rel|altsyncram:altsyncram_component
 19. Parameter Settings for User Entity Instance: wnp:wnp_tab|altsyncram:altsyncram_component
 20. Parameter Settings for Inferred Entity Instance: butterfly_ra2_seri:bfcalc|butterfly_ra2:bflab1|lpm_mult:Mult3
 21. Parameter Settings for Inferred Entity Instance: butterfly_ra2_seri:bfcalc|butterfly_ra2:bflab1|lpm_mult:Mult2
 22. Parameter Settings for Inferred Entity Instance: butterfly_ra2_seri:bfcalc|butterfly_ra2:bflab1|lpm_mult:Mult1
 23. Parameter Settings for Inferred Entity Instance: butterfly_ra2_seri:bfcalc|butterfly_ra2:bflab1|lpm_mult:Mult0
 24. altsyncram Parameter Settings by Entity Instance
 25. lpm_mult Parameter Settings by Entity Instance
 26. Port Connectivity Checks: "butterfly_ra2_seri:bfcalc|butterfly_ra2:bflab1"
 27. Port Connectivity Checks: "butterfly_ra2_seri:bfcalc"
 28. Elapsed Time Per Partition
 29. Analysis & Synthesis Messages
 30. Analysis & Synthesis Suppressed Messages



----------------
; Legal Notice ;
----------------
Copyright (C) 1991-2013 Altera Corporation
Your use of Altera Corporation's design tools, logic functions 
and other software and tools, and its AMPP partner logic 
functions, and any output files from any of the foregoing 
(including device programming or simulation files), and any 
associated documentation or information are expressly subject 
to the terms and conditions of the Altera Program License 
Subscription Agreement, Altera MegaCore Function License 
Agreement, or other applicable license agreement, including, 
without limitation, that your use is for the sole purpose of 
programming logic devices manufactured by Altera and sold by 
Altera or its authorized distributors.  Please refer to the 
applicable agreement for further details.



+----------------------------------------------------------------------------------+
; Analysis & Synthesis Summary                                                     ;
+------------------------------------+---------------------------------------------+
; Analysis & Synthesis Status        ; Successful - Sat Sep 22 20:12:37 2018       ;
; Quartus II 64-Bit Version          ; 13.0.0 Build 156 04/24/2013 SJ Full Version ;
; Revision Name                      ; fft                                         ;
; Top-level Entity Name              ; fft                                         ;
; Family                             ; Cyclone IV E                                ;
; Total logic elements               ; 404                                         ;
;     Total combinational functions  ; 264                                         ;
;     Dedicated logic registers      ; 268                                         ;
; Total registers                    ; 268                                         ;
; Total pins                         ; 28                                          ;
; Total virtual pins                 ; 0                                           ;
; Total memory bits                  ; 3,072                                       ;
; Embedded Multiplier 9-bit elements ; 4                                           ;
; Total PLLs                         ; 0                                           ;
+------------------------------------+---------------------------------------------+


+----------------------------------------------------------------------------------------------------------------------+
; Analysis & Synthesis Settings                                                                                        ;
+----------------------------------------------------------------------------+--------------------+--------------------+
; Option                                                                     ; Setting            ; Default Value      ;
+----------------------------------------------------------------------------+--------------------+--------------------+
; Device                                                                     ; EP4CE10F17C8       ;                    ;
; Top-level entity name                                                      ; fft                ; fft                ;
; Family name                                                                ; Cyclone IV E       ; Cyclone IV GX      ;
; Use smart compilation                                                      ; Off                ; Off                ;
; Enable parallel Assembler and TimeQuest Timing Analyzer during compilation ; On                 ; On                 ;
; Enable compact report table                                                ; Off                ; Off                ;
; Restructure Multiplexers                                                   ; Auto               ; Auto               ;
; Create Debugging Nodes for IP Cores                                        ; Off                ; Off                ;
; Preserve fewer node names                                                  ; On                 ; On                 ;
; Disable OpenCore Plus hardware evaluation                                  ; Off                ; Off                ;
; Verilog Version                                                            ; Verilog_2001       ; Verilog_2001       ;
; VHDL Version                                                               ; VHDL_1993          ; VHDL_1993          ;
; State Machine Processing                                                   ; Auto               ; Auto               ;
; Safe State Machine                                                         ; Off                ; Off                ;
; Extract Verilog State Machines                                             ; On                 ; On                 ;
; Extract VHDL State Machines                                                ; On                 ; On                 ;
; Ignore Verilog initial constructs                                          ; Off                ; Off                ;
; Iteration limit for constant Verilog loops                                 ; 5000               ; 5000               ;
; Iteration limit for non-constant Verilog loops                             ; 250                ; 250                ;
; Add Pass-Through Logic to Inferred RAMs                                    ; On                 ; On                 ;
; Infer RAMs from Raw Logic                                                  ; On                 ; On                 ;
; Parallel Synthesis                                                         ; On                 ; On                 ;
; DSP Block Balancing                                                        ; Auto               ; Auto               ;
; NOT Gate Push-Back                                                         ; On                 ; On                 ;
; Power-Up Don't Care                                                        ; On                 ; On                 ;
; Remove Redundant Logic Cells                                               ; Off                ; Off                ;
; Remove Duplicate Registers                                                 ; On                 ; On                 ;
; Ignore CARRY Buffers                                                       ; Off                ; Off                ;
; Ignore CASCADE Buffers                                                     ; Off                ; Off                ;
; Ignore GLOBAL Buffers                                                      ; Off                ; Off                ;
; Ignore ROW GLOBAL Buffers                                                  ; Off                ; Off                ;
; Ignore LCELL Buffers                                                       ; Off                ; Off                ;
; Ignore SOFT Buffers                                                        ; On                 ; On                 ;
; Limit AHDL Integers to 32 Bits                                             ; Off                ; Off                ;
; Optimization Technique                                                     ; Balanced           ; Balanced           ;
; Carry Chain Length                                                         ; 70                 ; 70                 ;
; Auto Carry Chains                                                          ; On                 ; On                 ;
; Auto Open-Drain Pins                                                       ; On                 ; On                 ;
; Perform WYSIWYG Primitive Resynthesis                                      ; Off                ; Off                ;
; Auto ROM Replacement                                                       ; On                 ; On                 ;
; Auto RAM Replacement                                                       ; On                 ; On                 ;
; Auto DSP Block Replacement                                                 ; On                 ; On                 ;
; Auto Shift Register Replacement                                            ; Auto               ; Auto               ;
; Allow Shift Register Merging across Hierarchies                            ; Auto               ; Auto               ;
; Auto Clock Enable Replacement                                              ; On                 ; On                 ;
; Strict RAM Replacement                                                     ; Off                ; Off                ;
; Allow Synchronous Control Signals                                          ; On                 ; On                 ;
; Force Use of Synchronous Clear Signals                                     ; Off                ; Off                ;
; Auto RAM Block Balancing                                                   ; On                 ; On                 ;
; Auto RAM to Logic Cell Conversion                                          ; Off                ; Off                ;
; Auto Resource Sharing                                                      ; Off                ; Off                ;
; Allow Any RAM Size For Recognition                                         ; Off                ; Off                ;
; Allow Any ROM Size For Recognition                                         ; Off                ; Off                ;
; Allow Any Shift Register Size For Recognition                              ; Off                ; Off                ;
; Use LogicLock Constraints during Resource Balancing                        ; On                 ; On                 ;
; Ignore translate_off and synthesis_off directives                          ; Off                ; Off                ;
; Timing-Driven Synthesis                                                    ; On                 ; On                 ;
; Report Parameter Settings                                                  ; On                 ; On                 ;
; Report Source Assignments                                                  ; On                 ; On                 ;
; Report Connectivity Checks                                                 ; On                 ; On                 ;
; Ignore Maximum Fan-Out Assignments                                         ; Off                ; Off                ;
; Synchronization Register Chain Length                                      ; 2                  ; 2                  ;
; PowerPlay Power Optimization                                               ; Normal compilation ; Normal compilation ;
; HDL message level                                                          ; Level2             ; Level2             ;
; Suppress Register Optimization Related Messages                            ; Off                ; Off                ;
; Number of Removed Registers Reported in Synthesis Report                   ; 5000               ; 5000               ;
; Number of Swept Nodes Reported in Synthesis Report                         ; 5000               ; 5000               ;
; Number of Inverted Registers Reported in Synthesis Report                  ; 100                ; 100                ;
; Clock MUX Protection                                                       ; On                 ; On                 ;
; Auto Gated Clock Conversion                                                ; Off                ; Off                ;
; Block Design Naming                                                        ; Auto               ; Auto               ;
; SDC constraint protection                                                  ; Off                ; Off                ;
; Synthesis Effort                                                           ; Auto               ; Auto               ;
; Shift Register Replacement - Allow Asynchronous Clear Signal               ; On                 ; On                 ;
; Pre-Mapping Resynthesis Optimization                                       ; Off                ; Off                ;
; Analysis & Synthesis Message Level                                         ; Medium             ; Medium             ;
; Disable Register Merging Across Hierarchies                                ; Auto               ; Auto               ;
; Resource Aware Inference For Block RAM                                     ; On                 ; On                 ;
; Synthesis Seed                                                             ; 1                  ; 1                  ;
+----------------------------------------------------------------------------+--------------------+--------------------+


+------------------------------------------+
; Parallel Compilation                     ;
+----------------------------+-------------+
; Processors                 ; Number      ;
+----------------------------+-------------+
; Number detected on machine ; 4           ;
; Maximum allowed            ; 4           ;
;                            ;             ;
; Average used               ; 1.00        ;
; Maximum used               ; 2           ;
;                            ;             ;
; Usage by Processor         ; % Time Used ;
;     Processor 1            ; 100.0%      ;
;     Processor 2            ; < 0.1%      ;
;     Processors 3-4         ;   0.0%      ;
+----------------------------+-------------+


+-------------------------------------------------------------------------------------------------------------------------------------------------------------------------------------------+
; Analysis & Synthesis Source Files Read                                                                                                                                                    ;
+----------------------------------+-----------------+----------------------------------------+-----------------------------------------------------------------------------------+---------+
; File Name with User-Entered Path ; Used in Netlist ; File Type                              ; File Name with Absolute Path                                                      ; Library ;
+----------------------------------+-----------------+----------------------------------------+-----------------------------------------------------------------------------------+---------+
; ../rtl/fft.v                     ; yes             ; User Verilog HDL File                  ; G:/FPWG_WORK/FPGA_W/FFT_S1/FFT_20180922/rtl/fft.v                                 ;         ;
; ../rtl/butterfly_ra2.v           ; yes             ; User Verilog HDL File                  ; G:/FPWG_WORK/FPGA_W/FFT_S1/FFT_20180922/rtl/butterfly_ra2.v                       ;         ;
; ../ip/ram128.v                   ; yes             ; User Wizard-Generated File             ; G:/FPWG_WORK/FPGA_W/FFT_S1/FFT_20180922/ip/ram128.v                               ;         ;
; ../rtl/butterfly_ra2_seri.v      ; yes             ; User Verilog HDL File                  ; G:/FPWG_WORK/FPGA_W/FFT_S1/FFT_20180922/rtl/butterfly_ra2_seri.v                  ;         ;
; ../ip/wnp.v                      ; yes             ; User Wizard-Generated File             ; G:/FPWG_WORK/FPGA_W/FFT_S1/FFT_20180922/ip/wnp.v                                  ;         ;
; altsyncram.tdf                   ; yes             ; Megafunction                           ; d:/majorsoft/soft/quartus13/quartus/libraries/megafunctions/altsyncram.tdf        ;         ;
; stratix_ram_block.inc            ; yes             ; Megafunction                           ; d:/majorsoft/soft/quartus13/quartus/libraries/megafunctions/stratix_ram_block.inc ;         ;
; lpm_mux.inc                      ; yes             ; Megafunction                           ; d:/majorsoft/soft/quartus13/quartus/libraries/megafunctions/lpm_mux.inc           ;         ;
; lpm_decode.inc                   ; yes             ; Megafunction                           ; d:/majorsoft/soft/quartus13/quartus/libraries/megafunctions/lpm_decode.inc        ;         ;
; aglobal130.inc                   ; yes             ; Megafunction                           ; d:/majorsoft/soft/quartus13/quartus/libraries/megafunctions/aglobal130.inc        ;         ;
; a_rdenreg.inc                    ; yes             ; Megafunction                           ; d:/majorsoft/soft/quartus13/quartus/libraries/megafunctions/a_rdenreg.inc         ;         ;
; altrom.inc                       ; yes             ; Megafunction                           ; d:/majorsoft/soft/quartus13/quartus/libraries/megafunctions/altrom.inc            ;         ;
; altram.inc                       ; yes             ; Megafunction                           ; d:/majorsoft/soft/quartus13/quartus/libraries/megafunctions/altram.inc            ;         ;
; altdpram.inc                     ; yes             ; Megafunction                           ; d:/majorsoft/soft/quartus13/quartus/libraries/megafunctions/altdpram.inc          ;         ;
; db/altsyncram_j6g1.tdf           ; yes             ; Auto-Generated Megafunction            ; G:/FPWG_WORK/FPGA_W/FFT_S1/FFT_20180922/proj/db/altsyncram_j6g1.tdf               ;         ;
; db/altsyncram_ufa1.tdf           ; yes             ; Auto-Generated Megafunction            ; G:/FPWG_WORK/FPGA_W/FFT_S1/FFT_20180922/proj/db/altsyncram_ufa1.tdf               ;         ;
; wnp64relimg88.mif                ; yes             ; Auto-Found Memory Initialization File  ; G:/FPWG_WORK/FPGA_W/FFT_S1/FFT_20180922/proj/wnp64relimg88.mif                    ;         ;
; lpm_mult.tdf                     ; yes             ; Megafunction                           ; d:/majorsoft/soft/quartus13/quartus/libraries/megafunctions/lpm_mult.tdf          ;         ;
; lpm_add_sub.inc                  ; yes             ; Megafunction                           ; d:/majorsoft/soft/quartus13/quartus/libraries/megafunctions/lpm_add_sub.inc       ;         ;
; multcore.inc                     ; yes             ; Megafunction                           ; d:/majorsoft/soft/quartus13/quartus/libraries/megafunctions/multcore.inc          ;         ;
; bypassff.inc                     ; yes             ; Megafunction                           ; d:/majorsoft/soft/quartus13/quartus/libraries/megafunctions/bypassff.inc          ;         ;
; altshift.inc                     ; yes             ; Megafunction                           ; d:/majorsoft/soft/quartus13/quartus/libraries/megafunctions/altshift.inc          ;         ;
; db/mult_73t.tdf                  ; yes             ; Auto-Generated Megafunction            ; G:/FPWG_WORK/FPGA_W/FFT_S1/FFT_20180922/proj/db/mult_73t.tdf                      ;         ;
+----------------------------------+-----------------+----------------------------------------+-----------------------------------------------------------------------------------+---------+


+---------------------------------------------------------+
; Analysis & Synthesis Resource Usage Summary             ;
+---------------------------------------------+-----------+
; Resource                                    ; Usage     ;
+---------------------------------------------+-----------+
; Estimated Total logic elements              ; 404       ;
;                                             ;           ;
; Total combinational functions               ; 264       ;
; Logic element usage by number of LUT inputs ;           ;
;     -- 4 input functions                    ; 76        ;
;     -- 3 input functions                    ; 113       ;
;     -- <=2 input functions                  ; 75        ;
;                                             ;           ;
; Logic elements by mode                      ;           ;
;     -- normal mode                          ; 173       ;
;     -- arithmetic mode                      ; 91        ;
;                                             ;           ;
; Total registers                             ; 268       ;
;     -- Dedicated logic registers            ; 268       ;
;     -- I/O registers                        ; 0         ;
;                                             ;           ;
; I/O pins                                    ; 28        ;
; Total memory bits                           ; 3072      ;
; Embedded Multiplier 9-bit elements          ; 4         ;
; Maximum fan-out node                        ; clk~input ;
; Maximum fan-out                             ; 300       ;
; Total fan-out                               ; 2126      ;
; Average fan-out                             ; 3.39      ;
+---------------------------------------------+-----------+


+-------------------------------------------------------------------------------------------------------------------------------------------------------------------------------------------------------------------------------------------------------------------+
; Analysis & Synthesis Resource Utilization by Entity                                                                                                                                                                                                               ;
+-------------------------------------------+-------------------+--------------+-------------+--------------+---------+-----------+------+--------------+--------------------------------------------------------------------------------------------+--------------+
; Compilation Hierarchy Node                ; LC Combinationals ; LC Registers ; Memory Bits ; DSP Elements ; DSP 9x9 ; DSP 18x18 ; Pins ; Virtual Pins ; Full Hierarchy Name                                                                        ; Library Name ;
+-------------------------------------------+-------------------+--------------+-------------+--------------+---------+-----------+------+--------------+--------------------------------------------------------------------------------------------+--------------+
; |fft                                      ; 264 (160)         ; 268 (67)     ; 3072        ; 4            ; 4       ; 0         ; 28   ; 0            ; |fft                                                                                       ;              ;
;    |butterfly_ra2_seri:bfcalc|            ; 104 (29)          ; 201 (70)     ; 0           ; 4            ; 4       ; 0         ; 0    ; 0            ; |fft|butterfly_ra2_seri:bfcalc                                                             ;              ;
;       |butterfly_ra2:bflab1|              ; 75 (75)           ; 131 (131)    ; 0           ; 4            ; 4       ; 0         ; 0    ; 0            ; |fft|butterfly_ra2_seri:bfcalc|butterfly_ra2:bflab1                                        ;              ;
;          |lpm_mult:Mult0|                 ; 0 (0)             ; 0 (0)        ; 0           ; 1            ; 1       ; 0         ; 0    ; 0            ; |fft|butterfly_ra2_seri:bfcalc|butterfly_ra2:bflab1|lpm_mult:Mult0                         ;              ;
;             |mult_73t:auto_generated|     ; 0 (0)             ; 0 (0)        ; 0           ; 1            ; 1       ; 0         ; 0    ; 0            ; |fft|butterfly_ra2_seri:bfcalc|butterfly_ra2:bflab1|lpm_mult:Mult0|mult_73t:auto_generated ;              ;
;          |lpm_mult:Mult1|                 ; 0 (0)             ; 0 (0)        ; 0           ; 1            ; 1       ; 0         ; 0    ; 0            ; |fft|butterfly_ra2_seri:bfcalc|butterfly_ra2:bflab1|lpm_mult:Mult1                         ;              ;
;             |mult_73t:auto_generated|     ; 0 (0)             ; 0 (0)        ; 0           ; 1            ; 1       ; 0         ; 0    ; 0            ; |fft|butterfly_ra2_seri:bfcalc|butterfly_ra2:bflab1|lpm_mult:Mult1|mult_73t:auto_generated ;              ;
;          |lpm_mult:Mult2|                 ; 0 (0)             ; 0 (0)        ; 0           ; 1            ; 1       ; 0         ; 0    ; 0            ; |fft|butterfly_ra2_seri:bfcalc|butterfly_ra2:bflab1|lpm_mult:Mult2                         ;              ;
;             |mult_73t:auto_generated|     ; 0 (0)             ; 0 (0)        ; 0           ; 1            ; 1       ; 0         ; 0    ; 0            ; |fft|butterfly_ra2_seri:bfcalc|butterfly_ra2:bflab1|lpm_mult:Mult2|mult_73t:auto_generated ;              ;
;          |lpm_mult:Mult3|                 ; 0 (0)             ; 0 (0)        ; 0           ; 1            ; 1       ; 0         ; 0    ; 0            ; |fft|butterfly_ra2_seri:bfcalc|butterfly_ra2:bflab1|lpm_mult:Mult3                         ;              ;
;             |mult_73t:auto_generated|     ; 0 (0)             ; 0 (0)        ; 0           ; 1            ; 1       ; 0         ; 0    ; 0            ; |fft|butterfly_ra2_seri:bfcalc|butterfly_ra2:bflab1|lpm_mult:Mult3|mult_73t:auto_generated ;              ;
;    |ram128:ram_rel|                       ; 0 (0)             ; 0 (0)        ; 2048        ; 0            ; 0       ; 0         ; 0    ; 0            ; |fft|ram128:ram_rel                                                                        ;              ;
;       |altsyncram:altsyncram_component|   ; 0 (0)             ; 0 (0)        ; 2048        ; 0            ; 0       ; 0         ; 0    ; 0            ; |fft|ram128:ram_rel|altsyncram:altsyncram_component                                        ;              ;
;          |altsyncram_j6g1:auto_generated| ; 0 (0)             ; 0 (0)        ; 2048        ; 0            ; 0       ; 0         ; 0    ; 0            ; |fft|ram128:ram_rel|altsyncram:altsyncram_component|altsyncram_j6g1:auto_generated         ;              ;
;    |wnp:wnp_tab|                          ; 0 (0)             ; 0 (0)        ; 1024        ; 0            ; 0       ; 0         ; 0    ; 0            ; |fft|wnp:wnp_tab                                                                           ;              ;
;       |altsyncram:altsyncram_component|   ; 0 (0)             ; 0 (0)        ; 1024        ; 0            ; 0       ; 0         ; 0    ; 0            ; |fft|wnp:wnp_tab|altsyncram:altsyncram_component                                           ;              ;
;          |altsyncram_ufa1:auto_generated| ; 0 (0)             ; 0 (0)        ; 1024        ; 0            ; 0       ; 0         ; 0    ; 0            ; |fft|wnp:wnp_tab|altsyncram:altsyncram_component|altsyncram_ufa1:auto_generated            ;              ;
+-------------------------------------------+-------------------+--------------+-------------+--------------+---------+-----------+------+--------------+--------------------------------------------------------------------------------------------+--------------+
Note: For table entries with two numbers listed, the numbers in parentheses indicate the number of resources of the given type used by the specific entity alone. The numbers listed outside of parentheses indicate the total resources of the given type used by the specific entity and all of its sub-entities in the hierarchy.


+------------------------------------------------------------------------------------------------------------------------------------------------------------------------------------------------------+
; Analysis & Synthesis RAM Summary                                                                                                                                                                     ;
+------------------------------------------------------------------------------------------+------+-------------+--------------+--------------+--------------+--------------+------+-------------------+
; Name                                                                                     ; Type ; Mode        ; Port A Depth ; Port A Width ; Port B Depth ; Port B Width ; Size ; MIF               ;
+------------------------------------------------------------------------------------------+------+-------------+--------------+--------------+--------------+--------------+------+-------------------+
; ram128:ram_rel|altsyncram:altsyncram_component|altsyncram_j6g1:auto_generated|ALTSYNCRAM ; AUTO ; Single Port ; 128          ; 16           ; --           ; --           ; 2048 ; None              ;
; wnp:wnp_tab|altsyncram:altsyncram_component|altsyncram_ufa1:auto_generated|ALTSYNCRAM    ; AUTO ; ROM         ; 64           ; 16           ; --           ; --           ; 1024 ; wnp64relimg88.mif ;
+------------------------------------------------------------------------------------------+------+-------------+--------------+--------------+--------------+--------------+------+-------------------+


+-----------------------------------------------------+
; Analysis & Synthesis DSP Block Usage Summary        ;
+---------------------------------------+-------------+
; Statistic                             ; Number Used ;
+---------------------------------------+-------------+
; Simple Multipliers (9-bit)            ; 4           ;
; Simple Multipliers (18-bit)           ; 0           ;
; Embedded Multiplier Blocks            ; --          ;
; Embedded Multiplier 9-bit elements    ; 4           ;
; Signed Embedded Multipliers           ; 4           ;
; Unsigned Embedded Multipliers         ; 0           ;
; Mixed Sign Embedded Multipliers       ; 0           ;
; Variable Sign Embedded Multipliers    ; 0           ;
; Dedicated Input Shift Register Chains ; 0           ;
+---------------------------------------+-------------+
Note: number of Embedded Multiplier Blocks used is only available after a successful fit.


+-------------------------------------------------------------------------------------------------------------------------------------------+
; Analysis & Synthesis IP Cores Summary                                                                                                     ;
+--------+--------------+---------+--------------+--------------+---------------------+-----------------------------------------------------+
; Vendor ; IP Core Name ; Version ; Release Date ; License Type ; Entity Instance     ; IP Include File                                     ;
+--------+--------------+---------+--------------+--------------+---------------------+-----------------------------------------------------+
; Altera ; RAM: 1-PORT  ; 13.0    ; N/A          ; N/A          ; |fft|ram128:ram_rel ; G:/FPWG_WORK/FPGA_W/FFT_S1/FFT_20180922/ip/ram128.v ;
; Altera ; ROM: 1-PORT  ; 13.0    ; N/A          ; N/A          ; |fft|wnp:wnp_tab    ; G:/FPWG_WORK/FPGA_W/FFT_S1/FFT_20180922/ip/wnp.v    ;
+--------+--------------+---------+--------------+--------------+---------------------+-----------------------------------------------------+


Encoding Type:  One-Hot
+-------------------------------------------------------------------------------------------------+
; State Machine - |fft|next_state                                                                 ;
+-------------------+-------------------+-------------------+-------------------+-----------------+
; Name              ; next_state.FFTOUT ; next_state.FFTCLC ; next_state.RADDAT ; next_state.IDEL ;
+-------------------+-------------------+-------------------+-------------------+-----------------+
; next_state.IDEL   ; 0                 ; 0                 ; 0                 ; 0               ;
; next_state.RADDAT ; 0                 ; 0                 ; 1                 ; 1               ;
; next_state.FFTCLC ; 0                 ; 1                 ; 0                 ; 1               ;
; next_state.FFTOUT ; 1                 ; 0                 ; 0                 ; 1               ;
+-------------------+-------------------+-------------------+-------------------+-----------------+


Encoding Type:  One-Hot
+----------------------------------------------------------------------------------------------------------------+
; State Machine - |fft|current_state                                                                             ;
+----------------------+----------------------+----------------------+----------------------+--------------------+
; Name                 ; current_state.FFTOUT ; current_state.FFTCLC ; current_state.RADDAT ; current_state.IDEL ;
+----------------------+----------------------+----------------------+----------------------+--------------------+
; current_state.IDEL   ; 0                    ; 0                    ; 0                    ; 0                  ;
; current_state.RADDAT ; 0                    ; 0                    ; 1                    ; 1                  ;
; current_state.FFTCLC ; 0                    ; 1                    ; 0                    ; 1                  ;
; current_state.FFTOUT ; 1                    ; 0                    ; 0                    ; 1                  ;
+----------------------+----------------------+----------------------+----------------------+--------------------+


+-------------------------------------------------------------------+
; Registers Removed During Synthesis                                ;
+----------------------------------------+--------------------------+
; Register name                          ; Reason for Removal       ;
+----------------------------------------+--------------------------+
; bstep[6]                               ; Merged with r_lay_cnt[6] ;
; bstep[5]                               ; Merged with r_lay_cnt[5] ;
; bstep[4]                               ; Merged with r_lay_cnt[4] ;
; bstep[3]                               ; Merged with r_lay_cnt[3] ;
; bstep[2]                               ; Merged with r_lay_cnt[2] ;
; bstep[1]                               ; Merged with r_lay_cnt[1] ;
; bstep[0]                               ; Merged with r_lay_cnt[0] ;
; next_state~10                          ; Lost fanout              ;
; next_state~11                          ; Lost fanout              ;
; next_state~13                          ; Lost fanout              ;
; next_state~15                          ; Lost fanout              ;
; current_state~6                        ; Lost fanout              ;
; current_state~7                        ; Lost fanout              ;
; current_state~9                        ; Lost fanout              ;
; current_state~11                       ; Lost fanout              ;
; Total Number of Removed Registers = 15 ;                          ;
+----------------------------------------+--------------------------+


+------------------------------------------------------+
; General Register Statistics                          ;
+----------------------------------------------+-------+
; Statistic                                    ; Value ;
+----------------------------------------------+-------+
; Total registers                              ; 268   ;
; Number of registers using Synchronous Clear  ; 8     ;
; Number of registers using Synchronous Load   ; 16    ;
; Number of registers using Asynchronous Clear ; 156   ;
; Number of registers using Asynchronous Load  ; 0     ;
; Number of registers using Clock Enable       ; 225   ;
; Number of registers using Preset             ; 0     ;
+----------------------------------------------+-------+


+-----------------------------------------------------------------------------------------------------------------------------------------------------+
; Multiplexer Restructuring Statistics (Restructuring Performed)                                                                                      ;
+--------------------+-----------+---------------+----------------------+------------------------+------------+---------------------------------------+
; Multiplexer Inputs ; Bus Width ; Baseline Area ; Area if Restructured ; Saving if Restructured ; Registered ; Example Multiplexer Output            ;
+--------------------+-----------+---------------+----------------------+------------------------+------------+---------------------------------------+
; 3:1                ; 3 bits    ; 6 LEs         ; 3 LEs                ; 3 LEs                  ; Yes        ; |fft|r_lay_cnt[6]                     ;
; 3:1                ; 3 bits    ; 6 LEs         ; 3 LEs                ; 3 LEs                  ; Yes        ; |fft|r_lay_cnt[2]                     ;
; 16:1               ; 16 bits   ; 160 LEs       ; 16 LEs               ; 144 LEs                ; Yes        ; |fft|butterfly_ra2_seri:bfcalc|bfy[1] ;
; 19:1               ; 7 bits    ; 84 LEs        ; 21 LEs               ; 63 LEs                 ; Yes        ; |fft|rd_data_add[3]                   ;
; 8:1                ; 4 bits    ; 20 LEs        ; 12 LEs               ; 8 LEs                  ; No         ; |fft|Selector12                       ;
+--------------------+-----------+---------------+----------------------+------------------------+------------+---------------------------------------+


+------------------------------------------------------------------------------------------------------+
; Source assignments for ram128:ram_rel|altsyncram:altsyncram_component|altsyncram_j6g1:auto_generated ;
+---------------------------------+--------------------+------+----------------------------------------+
; Assignment                      ; Value              ; From ; To                                     ;
+---------------------------------+--------------------+------+----------------------------------------+
; OPTIMIZE_POWER_DURING_SYNTHESIS ; NORMAL_COMPILATION ; -    ; -                                      ;
+---------------------------------+--------------------+------+----------------------------------------+


+---------------------------------------------------------------------------------------------------+
; Source assignments for wnp:wnp_tab|altsyncram:altsyncram_component|altsyncram_ufa1:auto_generated ;
+---------------------------------+--------------------+------+-------------------------------------+
; Assignment                      ; Value              ; From ; To                                  ;
+---------------------------------+--------------------+------+-------------------------------------+
; OPTIMIZE_POWER_DURING_SYNTHESIS ; NORMAL_COMPILATION ; -    ; -                                   ;
+---------------------------------+--------------------+------+-------------------------------------+


+---------------------------------------------------------------------------------------------+
; Parameter Settings for User Entity Instance: ram128:ram_rel|altsyncram:altsyncram_component ;
+------------------------------------+----------------------+---------------------------------+
; Parameter Name                     ; Value                ; Type                            ;
+------------------------------------+----------------------+---------------------------------+
; BYTE_SIZE_BLOCK                    ; 8                    ; Untyped                         ;
; AUTO_CARRY_CHAINS                  ; ON                   ; AUTO_CARRY                      ;
; IGNORE_CARRY_BUFFERS               ; OFF                  ; IGNORE_CARRY                    ;
; AUTO_CASCADE_CHAINS                ; ON                   ; AUTO_CASCADE                    ;
; IGNORE_CASCADE_BUFFERS             ; OFF                  ; IGNORE_CASCADE                  ;
; WIDTH_BYTEENA                      ; 1                    ; Untyped                         ;
; OPERATION_MODE                     ; SINGLE_PORT          ; Untyped                         ;
; WIDTH_A                            ; 16                   ; Signed Integer                  ;
; WIDTHAD_A                          ; 7                    ; Signed Integer                  ;
; NUMWORDS_A                         ; 128                  ; Signed Integer                  ;
; OUTDATA_REG_A                      ; UNREGISTERED         ; Untyped                         ;
; ADDRESS_ACLR_A                     ; NONE                 ; Untyped                         ;
; OUTDATA_ACLR_A                     ; NONE                 ; Untyped                         ;
; WRCONTROL_ACLR_A                   ; NONE                 ; Untyped                         ;
; INDATA_ACLR_A                      ; NONE                 ; Untyped                         ;
; BYTEENA_ACLR_A                     ; NONE                 ; Untyped                         ;
; WIDTH_B                            ; 1                    ; Untyped                         ;
; WIDTHAD_B                          ; 1                    ; Untyped                         ;
; NUMWORDS_B                         ; 1                    ; Untyped                         ;
; INDATA_REG_B                       ; CLOCK1               ; Untyped                         ;
; WRCONTROL_WRADDRESS_REG_B          ; CLOCK1               ; Untyped                         ;
; RDCONTROL_REG_B                    ; CLOCK1               ; Untyped                         ;
; ADDRESS_REG_B                      ; CLOCK1               ; Untyped                         ;
; OUTDATA_REG_B                      ; UNREGISTERED         ; Untyped                         ;
; BYTEENA_REG_B                      ; CLOCK1               ; Untyped                         ;
; INDATA_ACLR_B                      ; NONE                 ; Untyped                         ;
; WRCONTROL_ACLR_B                   ; NONE                 ; Untyped                         ;
; ADDRESS_ACLR_B                     ; NONE                 ; Untyped                         ;
; OUTDATA_ACLR_B                     ; NONE                 ; Untyped                         ;
; RDCONTROL_ACLR_B                   ; NONE                 ; Untyped                         ;
; BYTEENA_ACLR_B                     ; NONE                 ; Untyped                         ;
; WIDTH_BYTEENA_A                    ; 1                    ; Signed Integer                  ;
; WIDTH_BYTEENA_B                    ; 1                    ; Untyped                         ;
; RAM_BLOCK_TYPE                     ; AUTO                 ; Untyped                         ;
; BYTE_SIZE                          ; 8                    ; Untyped                         ;
; READ_DURING_WRITE_MODE_MIXED_PORTS ; DONT_CARE            ; Untyped                         ;
; READ_DURING_WRITE_MODE_PORT_A      ; NEW_DATA_NO_NBE_READ ; Untyped                         ;
; READ_DURING_WRITE_MODE_PORT_B      ; NEW_DATA_NO_NBE_READ ; Untyped                         ;
; INIT_FILE                          ; UNUSED               ; Untyped                         ;
; INIT_FILE_LAYOUT                   ; PORT_A               ; Untyped                         ;
; MAXIMUM_DEPTH                      ; 0                    ; Untyped                         ;
; CLOCK_ENABLE_INPUT_A               ; BYPASS               ; Untyped                         ;
; CLOCK_ENABLE_INPUT_B               ; NORMAL               ; Untyped                         ;
; CLOCK_ENABLE_OUTPUT_A              ; BYPASS               ; Untyped                         ;
; CLOCK_ENABLE_OUTPUT_B              ; NORMAL               ; Untyped                         ;
; CLOCK_ENABLE_CORE_A                ; USE_INPUT_CLKEN      ; Untyped                         ;
; CLOCK_ENABLE_CORE_B                ; USE_INPUT_CLKEN      ; Untyped                         ;
; ENABLE_ECC                         ; FALSE                ; Untyped                         ;
; ECC_PIPELINE_STAGE_ENABLED         ; FALSE                ; Untyped                         ;
; WIDTH_ECCSTATUS                    ; 3                    ; Untyped                         ;
; DEVICE_FAMILY                      ; Cyclone IV E         ; Untyped                         ;
; CBXI_PARAMETER                     ; altsyncram_j6g1      ; Untyped                         ;
+------------------------------------+----------------------+---------------------------------+
Note: In order to hide this table in the UI and the text report file, please set the "Show Parameter Settings in Synthesis Report" option in "Analysis and Synthesis Settings -> More Settings" to "Off".


+------------------------------------------------------------------------------------------+
; Parameter Settings for User Entity Instance: wnp:wnp_tab|altsyncram:altsyncram_component ;
+------------------------------------+----------------------+------------------------------+
; Parameter Name                     ; Value                ; Type                         ;
+------------------------------------+----------------------+------------------------------+
; BYTE_SIZE_BLOCK                    ; 8                    ; Untyped                      ;
; AUTO_CARRY_CHAINS                  ; ON                   ; AUTO_CARRY                   ;
; IGNORE_CARRY_BUFFERS               ; OFF                  ; IGNORE_CARRY                 ;
; AUTO_CASCADE_CHAINS                ; ON                   ; AUTO_CASCADE                 ;
; IGNORE_CASCADE_BUFFERS             ; OFF                  ; IGNORE_CASCADE               ;
; WIDTH_BYTEENA                      ; 1                    ; Untyped                      ;
; OPERATION_MODE                     ; ROM                  ; Untyped                      ;
; WIDTH_A                            ; 16                   ; Signed Integer               ;
; WIDTHAD_A                          ; 6                    ; Signed Integer               ;
; NUMWORDS_A                         ; 64                   ; Signed Integer               ;
; OUTDATA_REG_A                      ; UNREGISTERED         ; Untyped                      ;
; ADDRESS_ACLR_A                     ; NONE                 ; Untyped                      ;
; OUTDATA_ACLR_A                     ; NONE                 ; Untyped                      ;
; WRCONTROL_ACLR_A                   ; NONE                 ; Untyped                      ;
; INDATA_ACLR_A                      ; NONE                 ; Untyped                      ;
; BYTEENA_ACLR_A                     ; NONE                 ; Untyped                      ;
; WIDTH_B                            ; 1                    ; Untyped                      ;
; WIDTHAD_B                          ; 1                    ; Untyped                      ;
; NUMWORDS_B                         ; 1                    ; Untyped                      ;
; INDATA_REG_B                       ; CLOCK1               ; Untyped                      ;
; WRCONTROL_WRADDRESS_REG_B          ; CLOCK1               ; Untyped                      ;
; RDCONTROL_REG_B                    ; CLOCK1               ; Untyped                      ;
; ADDRESS_REG_B                      ; CLOCK1               ; Untyped                      ;
; OUTDATA_REG_B                      ; UNREGISTERED         ; Untyped                      ;
; BYTEENA_REG_B                      ; CLOCK1               ; Untyped                      ;
; INDATA_ACLR_B                      ; NONE                 ; Untyped                      ;
; WRCONTROL_ACLR_B                   ; NONE                 ; Untyped                      ;
; ADDRESS_ACLR_B                     ; NONE                 ; Untyped                      ;
; OUTDATA_ACLR_B                     ; NONE                 ; Untyped                      ;
; RDCONTROL_ACLR_B                   ; NONE                 ; Untyped                      ;
; BYTEENA_ACLR_B                     ; NONE                 ; Untyped                      ;
; WIDTH_BYTEENA_A                    ; 1                    ; Signed Integer               ;
; WIDTH_BYTEENA_B                    ; 1                    ; Untyped                      ;
; RAM_BLOCK_TYPE                     ; AUTO                 ; Untyped                      ;
; BYTE_SIZE                          ; 8                    ; Untyped                      ;
; READ_DURING_WRITE_MODE_MIXED_PORTS ; DONT_CARE            ; Untyped                      ;
; READ_DURING_WRITE_MODE_PORT_A      ; NEW_DATA_NO_NBE_READ ; Untyped                      ;
; READ_DURING_WRITE_MODE_PORT_B      ; NEW_DATA_NO_NBE_READ ; Untyped                      ;
; INIT_FILE                          ; wnp64relimg88.mif    ; Untyped                      ;
; INIT_FILE_LAYOUT                   ; PORT_A               ; Untyped                      ;
; MAXIMUM_DEPTH                      ; 0                    ; Untyped                      ;
; CLOCK_ENABLE_INPUT_A               ; BYPASS               ; Untyped                      ;
; CLOCK_ENABLE_INPUT_B               ; NORMAL               ; Untyped                      ;
; CLOCK_ENABLE_OUTPUT_A              ; BYPASS               ; Untyped                      ;
; CLOCK_ENABLE_OUTPUT_B              ; NORMAL               ; Untyped                      ;
; CLOCK_ENABLE_CORE_A                ; USE_INPUT_CLKEN      ; Untyped                      ;
; CLOCK_ENABLE_CORE_B                ; USE_INPUT_CLKEN      ; Untyped                      ;
; ENABLE_ECC                         ; FALSE                ; Untyped                      ;
; ECC_PIPELINE_STAGE_ENABLED         ; FALSE                ; Untyped                      ;
; WIDTH_ECCSTATUS                    ; 3                    ; Untyped                      ;
; DEVICE_FAMILY                      ; Cyclone IV E         ; Untyped                      ;
; CBXI_PARAMETER                     ; altsyncram_ufa1      ; Untyped                      ;
+------------------------------------+----------------------+------------------------------+
Note: In order to hide this table in the UI and the text report file, please set the "Show Parameter Settings in Synthesis Report" option in "Analysis and Synthesis Settings -> More Settings" to "Off".


+----------------------------------------------------------------------------------------------------------------+
; Parameter Settings for Inferred Entity Instance: butterfly_ra2_seri:bfcalc|butterfly_ra2:bflab1|lpm_mult:Mult3 ;
+------------------------------------------------+--------------+------------------------------------------------+
; Parameter Name                                 ; Value        ; Type                                           ;
+------------------------------------------------+--------------+------------------------------------------------+
; AUTO_CARRY_CHAINS                              ; ON           ; AUTO_CARRY                                     ;
; IGNORE_CARRY_BUFFERS                           ; OFF          ; IGNORE_CARRY                                   ;
; AUTO_CASCADE_CHAINS                            ; ON           ; AUTO_CASCADE                                   ;
; IGNORE_CASCADE_BUFFERS                         ; OFF          ; IGNORE_CASCADE                                 ;
; LPM_WIDTHA                                     ; 8            ; Untyped                                        ;
; LPM_WIDTHB                                     ; 8            ; Untyped                                        ;
; LPM_WIDTHP                                     ; 16           ; Untyped                                        ;
; LPM_WIDTHR                                     ; 16           ; Untyped                                        ;
; LPM_WIDTHS                                     ; 1            ; Untyped                                        ;
; LPM_REPRESENTATION                             ; SIGNED       ; Untyped                                        ;
; LPM_PIPELINE                                   ; 0            ; Untyped                                        ;
; LATENCY                                        ; 0            ; Untyped                                        ;
; INPUT_A_IS_CONSTANT                            ; NO           ; Untyped                                        ;
; INPUT_B_IS_CONSTANT                            ; NO           ; Untyped                                        ;
; USE_EAB                                        ; OFF          ; Untyped                                        ;
; MAXIMIZE_SPEED                                 ; 5            ; Untyped                                        ;
; DEVICE_FAMILY                                  ; Cyclone IV E ; Untyped                                        ;
; CARRY_CHAIN                                    ; MANUAL       ; Untyped                                        ;
; APEX20K_TECHNOLOGY_MAPPER                      ; LUT          ; TECH_MAPPER_APEX20K                            ;
; DEDICATED_MULTIPLIER_CIRCUITRY                 ; AUTO         ; Untyped                                        ;
; DEDICATED_MULTIPLIER_MIN_INPUT_WIDTH_FOR_AUTO  ; 0            ; Untyped                                        ;
; DEDICATED_MULTIPLIER_MIN_OUTPUT_WIDTH_FOR_AUTO ; 0            ; Untyped                                        ;
; CBXI_PARAMETER                                 ; mult_73t     ; Untyped                                        ;
; INPUT_A_FIXED_VALUE                            ; Bx           ; Untyped                                        ;
; INPUT_B_FIXED_VALUE                            ; Bx           ; Untyped                                        ;
; USE_AHDL_IMPLEMENTATION                        ; OFF          ; Untyped                                        ;
+------------------------------------------------+--------------+------------------------------------------------+
Note: In order to hide this table in the UI and the text report file, please set the "Show Parameter Settings in Synthesis Report" option in "Analysis and Synthesis Settings -> More Settings" to "Off".


+----------------------------------------------------------------------------------------------------------------+
; Parameter Settings for Inferred Entity Instance: butterfly_ra2_seri:bfcalc|butterfly_ra2:bflab1|lpm_mult:Mult2 ;
+------------------------------------------------+--------------+------------------------------------------------+
; Parameter Name                                 ; Value        ; Type                                           ;
+------------------------------------------------+--------------+------------------------------------------------+
; AUTO_CARRY_CHAINS                              ; ON           ; AUTO_CARRY                                     ;
; IGNORE_CARRY_BUFFERS                           ; OFF          ; IGNORE_CARRY                                   ;
; AUTO_CASCADE_CHAINS                            ; ON           ; AUTO_CASCADE                                   ;
; IGNORE_CASCADE_BUFFERS                         ; OFF          ; IGNORE_CASCADE                                 ;
; LPM_WIDTHA                                     ; 8            ; Untyped                                        ;
; LPM_WIDTHB                                     ; 8            ; Untyped                                        ;
; LPM_WIDTHP                                     ; 16           ; Untyped                                        ;
; LPM_WIDTHR                                     ; 16           ; Untyped                                        ;
; LPM_WIDTHS                                     ; 1            ; Untyped                                        ;
; LPM_REPRESENTATION                             ; SIGNED       ; Untyped                                        ;
; LPM_PIPELINE                                   ; 0            ; Untyped                                        ;
; LATENCY                                        ; 0            ; Untyped                                        ;
; INPUT_A_IS_CONSTANT                            ; NO           ; Untyped                                        ;
; INPUT_B_IS_CONSTANT                            ; NO           ; Untyped                                        ;
; USE_EAB                                        ; OFF          ; Untyped                                        ;
; MAXIMIZE_SPEED                                 ; 5            ; Untyped                                        ;
; DEVICE_FAMILY                                  ; Cyclone IV E ; Untyped                                        ;
; CARRY_CHAIN                                    ; MANUAL       ; Untyped                                        ;
; APEX20K_TECHNOLOGY_MAPPER                      ; LUT          ; TECH_MAPPER_APEX20K                            ;
; DEDICATED_MULTIPLIER_CIRCUITRY                 ; AUTO         ; Untyped                                        ;
; DEDICATED_MULTIPLIER_MIN_INPUT_WIDTH_FOR_AUTO  ; 0            ; Untyped                                        ;
; DEDICATED_MULTIPLIER_MIN_OUTPUT_WIDTH_FOR_AUTO ; 0            ; Untyped                                        ;
; CBXI_PARAMETER                                 ; mult_73t     ; Untyped                                        ;
; INPUT_A_FIXED_VALUE                            ; Bx           ; Untyped                                        ;
; INPUT_B_FIXED_VALUE                            ; Bx           ; Untyped                                        ;
; USE_AHDL_IMPLEMENTATION                        ; OFF          ; Untyped                                        ;
+------------------------------------------------+--------------+------------------------------------------------+
Note: In order to hide this table in the UI and the text report file, please set the "Show Parameter Settings in Synthesis Report" option in "Analysis and Synthesis Settings -> More Settings" to "Off".


+----------------------------------------------------------------------------------------------------------------+
; Parameter Settings for Inferred Entity Instance: butterfly_ra2_seri:bfcalc|butterfly_ra2:bflab1|lpm_mult:Mult1 ;
+------------------------------------------------+--------------+------------------------------------------------+
; Parameter Name                                 ; Value        ; Type                                           ;
+------------------------------------------------+--------------+------------------------------------------------+
; AUTO_CARRY_CHAINS                              ; ON           ; AUTO_CARRY                                     ;
; IGNORE_CARRY_BUFFERS                           ; OFF          ; IGNORE_CARRY                                   ;
; AUTO_CASCADE_CHAINS                            ; ON           ; AUTO_CASCADE                                   ;
; IGNORE_CASCADE_BUFFERS                         ; OFF          ; IGNORE_CASCADE                                 ;
; LPM_WIDTHA                                     ; 8            ; Untyped                                        ;
; LPM_WIDTHB                                     ; 8            ; Untyped                                        ;
; LPM_WIDTHP                                     ; 16           ; Untyped                                        ;
; LPM_WIDTHR                                     ; 16           ; Untyped                                        ;
; LPM_WIDTHS                                     ; 1            ; Untyped                                        ;
; LPM_REPRESENTATION                             ; SIGNED       ; Untyped                                        ;
; LPM_PIPELINE                                   ; 0            ; Untyped                                        ;
; LATENCY                                        ; 0            ; Untyped                                        ;
; INPUT_A_IS_CONSTANT                            ; NO           ; Untyped                                        ;
; INPUT_B_IS_CONSTANT                            ; NO           ; Untyped                                        ;
; USE_EAB                                        ; OFF          ; Untyped                                        ;
; MAXIMIZE_SPEED                                 ; 5            ; Untyped                                        ;
; DEVICE_FAMILY                                  ; Cyclone IV E ; Untyped                                        ;
; CARRY_CHAIN                                    ; MANUAL       ; Untyped                                        ;
; APEX20K_TECHNOLOGY_MAPPER                      ; LUT          ; TECH_MAPPER_APEX20K                            ;
; DEDICATED_MULTIPLIER_CIRCUITRY                 ; AUTO         ; Untyped                                        ;
; DEDICATED_MULTIPLIER_MIN_INPUT_WIDTH_FOR_AUTO  ; 0            ; Untyped                                        ;
; DEDICATED_MULTIPLIER_MIN_OUTPUT_WIDTH_FOR_AUTO ; 0            ; Untyped                                        ;
; CBXI_PARAMETER                                 ; mult_73t     ; Untyped                                        ;
; INPUT_A_FIXED_VALUE                            ; Bx           ; Untyped                                        ;
; INPUT_B_FIXED_VALUE                            ; Bx           ; Untyped                                        ;
; USE_AHDL_IMPLEMENTATION                        ; OFF          ; Untyped                                        ;
+------------------------------------------------+--------------+------------------------------------------------+
Note: In order to hide this table in the UI and the text report file, please set the "Show Parameter Settings in Synthesis Report" option in "Analysis and Synthesis Settings -> More Settings" to "Off".


+----------------------------------------------------------------------------------------------------------------+
; Parameter Settings for Inferred Entity Instance: butterfly_ra2_seri:bfcalc|butterfly_ra2:bflab1|lpm_mult:Mult0 ;
+------------------------------------------------+--------------+------------------------------------------------+
; Parameter Name                                 ; Value        ; Type                                           ;
+------------------------------------------------+--------------+------------------------------------------------+
; AUTO_CARRY_CHAINS                              ; ON           ; AUTO_CARRY                                     ;
; IGNORE_CARRY_BUFFERS                           ; OFF          ; IGNORE_CARRY                                   ;
; AUTO_CASCADE_CHAINS                            ; ON           ; AUTO_CASCADE                                   ;
; IGNORE_CASCADE_BUFFERS                         ; OFF          ; IGNORE_CASCADE                                 ;
; LPM_WIDTHA                                     ; 8            ; Untyped                                        ;
; LPM_WIDTHB                                     ; 8            ; Untyped                                        ;
; LPM_WIDTHP                                     ; 16           ; Untyped                                        ;
; LPM_WIDTHR                                     ; 16           ; Untyped                                        ;
; LPM_WIDTHS                                     ; 1            ; Untyped                                        ;
; LPM_REPRESENTATION                             ; SIGNED       ; Untyped                                        ;
; LPM_PIPELINE                                   ; 0            ; Untyped                                        ;
; LATENCY                                        ; 0            ; Untyped                                        ;
; INPUT_A_IS_CONSTANT                            ; NO           ; Untyped                                        ;
; INPUT_B_IS_CONSTANT                            ; NO           ; Untyped                                        ;
; USE_EAB                                        ; OFF          ; Untyped                                        ;
; MAXIMIZE_SPEED                                 ; 5            ; Untyped                                        ;
; DEVICE_FAMILY                                  ; Cyclone IV E ; Untyped                                        ;
; CARRY_CHAIN                                    ; MANUAL       ; Untyped                                        ;
; APEX20K_TECHNOLOGY_MAPPER                      ; LUT          ; TECH_MAPPER_APEX20K                            ;
; DEDICATED_MULTIPLIER_CIRCUITRY                 ; AUTO         ; Untyped                                        ;
; DEDICATED_MULTIPLIER_MIN_INPUT_WIDTH_FOR_AUTO  ; 0            ; Untyped                                        ;
; DEDICATED_MULTIPLIER_MIN_OUTPUT_WIDTH_FOR_AUTO ; 0            ; Untyped                                        ;
; CBXI_PARAMETER                                 ; mult_73t     ; Untyped                                        ;
; INPUT_A_FIXED_VALUE                            ; Bx           ; Untyped                                        ;
; INPUT_B_FIXED_VALUE                            ; Bx           ; Untyped                                        ;
; USE_AHDL_IMPLEMENTATION                        ; OFF          ; Untyped                                        ;
+------------------------------------------------+--------------+------------------------------------------------+
Note: In order to hide this table in the UI and the text report file, please set the "Show Parameter Settings in Synthesis Report" option in "Analysis and Synthesis Settings -> More Settings" to "Off".


+--------------------------------------------------------------------------------------------+
; altsyncram Parameter Settings by Entity Instance                                           ;
+-------------------------------------------+------------------------------------------------+
; Name                                      ; Value                                          ;
+-------------------------------------------+------------------------------------------------+
; Number of entity instances                ; 2                                              ;
; Entity Instance                           ; ram128:ram_rel|altsyncram:altsyncram_component ;
;     -- OPERATION_MODE                     ; SINGLE_PORT                                    ;
;     -- WIDTH_A                            ; 16                                             ;
;     -- NUMWORDS_A                         ; 128                                            ;
;     -- OUTDATA_REG_A                      ; UNREGISTERED                                   ;
;     -- WIDTH_B                            ; 1                                              ;
;     -- NUMWORDS_B                         ; 1                                              ;
;     -- ADDRESS_REG_B                      ; CLOCK1                                         ;
;     -- OUTDATA_REG_B                      ; UNREGISTERED                                   ;
;     -- RAM_BLOCK_TYPE                     ; AUTO                                           ;
;     -- READ_DURING_WRITE_MODE_MIXED_PORTS ; DONT_CARE                                      ;
; Entity Instance                           ; wnp:wnp_tab|altsyncram:altsyncram_component    ;
;     -- OPERATION_MODE                     ; ROM                                            ;
;     -- WIDTH_A                            ; 16                                             ;
;     -- NUMWORDS_A                         ; 64                                             ;
;     -- OUTDATA_REG_A                      ; UNREGISTERED                                   ;
;     -- WIDTH_B                            ; 1                                              ;
;     -- NUMWORDS_B                         ; 1                                              ;
;     -- ADDRESS_REG_B                      ; CLOCK1                                         ;
;     -- OUTDATA_REG_B                      ; UNREGISTERED                                   ;
;     -- RAM_BLOCK_TYPE                     ; AUTO                                           ;
;     -- READ_DURING_WRITE_MODE_MIXED_PORTS ; DONT_CARE                                      ;
+-------------------------------------------+------------------------------------------------+


+-------------------------------------------------------------------------------------------------------+
; lpm_mult Parameter Settings by Entity Instance                                                        ;
+---------------------------------------+---------------------------------------------------------------+
; Name                                  ; Value                                                         ;
+---------------------------------------+---------------------------------------------------------------+
; Number of entity instances            ; 4                                                             ;
; Entity Instance                       ; butterfly_ra2_seri:bfcalc|butterfly_ra2:bflab1|lpm_mult:Mult3 ;
;     -- LPM_WIDTHA                     ; 8                                                             ;
;     -- LPM_WIDTHB                     ; 8                                                             ;
;     -- LPM_WIDTHP                     ; 16                                                            ;
;     -- LPM_REPRESENTATION             ; SIGNED                                                        ;
;     -- INPUT_A_IS_CONSTANT            ; NO                                                            ;
;     -- INPUT_B_IS_CONSTANT            ; NO                                                            ;
;     -- USE_EAB                        ; OFF                                                           ;
;     -- DEDICATED_MULTIPLIER_CIRCUITRY ; AUTO                                                          ;
;     -- INPUT_A_FIXED_VALUE            ; Bx                                                            ;
;     -- INPUT_B_FIXED_VALUE            ; Bx                                                            ;
; Entity Instance                       ; butterfly_ra2_seri:bfcalc|butterfly_ra2:bflab1|lpm_mult:Mult2 ;
;     -- LPM_WIDTHA                     ; 8                                                             ;
;     -- LPM_WIDTHB                     ; 8                                                             ;
;     -- LPM_WIDTHP                     ; 16                                                            ;
;     -- LPM_REPRESENTATION             ; SIGNED                                                        ;
;     -- INPUT_A_IS_CONSTANT            ; NO                                                            ;
;     -- INPUT_B_IS_CONSTANT            ; NO                                                            ;
;     -- USE_EAB                        ; OFF                                                           ;
;     -- DEDICATED_MULTIPLIER_CIRCUITRY ; AUTO                                                          ;
;     -- INPUT_A_FIXED_VALUE            ; Bx                                                            ;
;     -- INPUT_B_FIXED_VALUE            ; Bx                                                            ;
; Entity Instance                       ; butterfly_ra2_seri:bfcalc|butterfly_ra2:bflab1|lpm_mult:Mult1 ;
;     -- LPM_WIDTHA                     ; 8                                                             ;
;     -- LPM_WIDTHB                     ; 8                                                             ;
;     -- LPM_WIDTHP                     ; 16                                                            ;
;     -- LPM_REPRESENTATION             ; SIGNED                                                        ;
;     -- INPUT_A_IS_CONSTANT            ; NO                                                            ;
;     -- INPUT_B_IS_CONSTANT            ; NO                                                            ;
;     -- USE_EAB                        ; OFF                                                           ;
;     -- DEDICATED_MULTIPLIER_CIRCUITRY ; AUTO                                                          ;
;     -- INPUT_A_FIXED_VALUE            ; Bx                                                            ;
;     -- INPUT_B_FIXED_VALUE            ; Bx                                                            ;
; Entity Instance                       ; butterfly_ra2_seri:bfcalc|butterfly_ra2:bflab1|lpm_mult:Mult0 ;
;     -- LPM_WIDTHA                     ; 8                                                             ;
;     -- LPM_WIDTHB                     ; 8                                                             ;
;     -- LPM_WIDTHP                     ; 16                                                            ;
;     -- LPM_REPRESENTATION             ; SIGNED                                                        ;
;     -- INPUT_A_IS_CONSTANT            ; NO                                                            ;
;     -- INPUT_B_IS_CONSTANT            ; NO                                                            ;
;     -- USE_EAB                        ; OFF                                                           ;
;     -- DEDICATED_MULTIPLIER_CIRCUITRY ; AUTO                                                          ;
;     -- INPUT_A_FIXED_VALUE            ; Bx                                                            ;
;     -- INPUT_B_FIXED_VALUE            ; Bx                                                            ;
+---------------------------------------+---------------------------------------------------------------+


+-------------------------------------------------------------------------------------------------------------------+
; Port Connectivity Checks: "butterfly_ra2_seri:bfcalc|butterfly_ra2:bflab1"                                        ;
+---------+--------+----------+-------------------------------------------------------------------------------------+
; Port    ; Type   ; Severity ; Details                                                                             ;
+---------+--------+----------+-------------------------------------------------------------------------------------+
; bf_done ; Output ; Info     ; Connected to dangling logic. Logic that only feeds a dangling port will be removed. ;
; bfx1[0] ; Output ; Info     ; Connected to dangling logic. Logic that only feeds a dangling port will be removed. ;
; bfy1[0] ; Output ; Info     ; Connected to dangling logic. Logic that only feeds a dangling port will be removed. ;
; bfx2[0] ; Output ; Info     ; Connected to dangling logic. Logic that only feeds a dangling port will be removed. ;
; bfy2[0] ; Output ; Info     ; Connected to dangling logic. Logic that only feeds a dangling port will be removed. ;
+---------+--------+----------+-------------------------------------------------------------------------------------+


+-------------------------------------------------------------------------------------------------------------------+
; Port Connectivity Checks: "butterfly_ra2_seri:bfcalc"                                                             ;
+---------+--------+----------+-------------------------------------------------------------------------------------+
; Port    ; Type   ; Severity ; Details                                                                             ;
+---------+--------+----------+-------------------------------------------------------------------------------------+
; bf_done ; Output ; Info     ; Connected to dangling logic. Logic that only feeds a dangling port will be removed. ;
; wren    ; Output ; Info     ; Explicitly unconnected                                                              ;
+---------+--------+----------+-------------------------------------------------------------------------------------+


+-------------------------------+
; Elapsed Time Per Partition    ;
+----------------+--------------+
; Partition Name ; Elapsed Time ;
+----------------+--------------+
; Top            ; 00:00:02     ;
+----------------+--------------+


+-------------------------------+
; Analysis & Synthesis Messages ;
+-------------------------------+
Info: *******************************************************************
Info: Running Quartus II 64-Bit Analysis & Synthesis
    Info: Version 13.0.0 Build 156 04/24/2013 SJ Full Version
    Info: Processing started: Sat Sep 22 20:12:31 2018
Info: Command: quartus_map --read_settings_files=on --write_settings_files=off fft -c fft
Info (20030): Parallel compilation is enabled and will use 4 of the 4 processors detected
Info (12021): Found 1 design units, including 1 entities, in source file /fpwg_work/fpga_w/fft_s1/fft_20180922/rtl/fft.v
    Info (12023): Found entity 1: fft
Info (12021): Found 1 design units, including 1 entities, in source file /fpwg_work/fpga_w/fft_s1/fft_20180922/testbench/fft_mult_tb.v
    Info (12023): Found entity 1: fft_mult_tb
Info (12021): Found 1 design units, including 1 entities, in source file /fpwg_work/fpga_w/fft_s1/fft_20180922/rtl/butterfly_ra2.v
    Info (12023): Found entity 1: butterfly_ra2
Info (12021): Found 1 design units, including 1 entities, in source file /fpwg_work/fpga_w/fft_s1/fft_20180922/testbench/butterfly_ra2_tb.v
    Info (12023): Found entity 1: butterfly_ra2_tb
Info (12021): Found 1 design units, including 1 entities, in source file /fpwg_work/fpga_w/fft_s1/fft_20180922/ip/ram128.v
    Info (12023): Found entity 1: ram128
Info (12021): Found 1 design units, including 1 entities, in source file /fpwg_work/fpga_w/fft_s1/fft_20180922/rtl/butterfly_ra2_seri.v
    Info (12023): Found entity 1: butterfly_ra2_seri
Info (12021): Found 1 design units, including 1 entities, in source file /fpwg_work/fpga_w/fft_s1/fft_20180922/testbench/butterfly_ra2_seri_tb.v
    Info (12023): Found entity 1: butterfly_ra2_seri_tb
Info (12021): Found 1 design units, including 1 entities, in source file /fpwg_work/fpga_w/fft_s1/fft_20180922/testbench/address_gererate_tb.v
    Info (12023): Found entity 1: address_gererate_tb
Info (12021): Found 1 design units, including 1 entities, in source file /fpwg_work/fpga_w/fft_s1/fft_20180922/testbench/fft_tb.v
    Info (12023): Found entity 1: fft_tb
Info (12021): Found 1 design units, including 1 entities, in source file /fpwg_work/fpga_w/fft_s1/fft_20180922/ip/wnp.v
    Info (12023): Found entity 1: wnp
Info (12127): Elaborating entity "fft" for the top level hierarchy
Info (10264): Verilog HDL Case Statement information at fft.v(128): all case item expressions in this case statement are onehot
Info (12128): Elaborating entity "ram128" for hierarchy "ram128:ram_rel"
Info (12128): Elaborating entity "altsyncram" for hierarchy "ram128:ram_rel|altsyncram:altsyncram_component"
Info (12130): Elaborated megafunction instantiation "ram128:ram_rel|altsyncram:altsyncram_component"
Info (12133): Instantiated megafunction "ram128:ram_rel|altsyncram:altsyncram_component" with the following parameter:
    Info (12134): Parameter "clock_enable_input_a" = "BYPASS"
    Info (12134): Parameter "clock_enable_output_a" = "BYPASS"
    Info (12134): Parameter "intended_device_family" = "Cyclone IV E"
    Info (12134): Parameter "lpm_hint" = "ENABLE_RUNTIME_MOD=NO"
    Info (12134): Parameter "lpm_type" = "altsyncram"
    Info (12134): Parameter "numwords_a" = "128"
    Info (12134): Parameter "operation_mode" = "SINGLE_PORT"
    Info (12134): Parameter "outdata_aclr_a" = "NONE"
    Info (12134): Parameter "outdata_reg_a" = "UNREGISTERED"
    Info (12134): Parameter "power_up_uninitialized" = "FALSE"
    Info (12134): Parameter "read_during_write_mode_port_a" = "NEW_DATA_NO_NBE_READ"
    Info (12134): Parameter "widthad_a" = "7"
    Info (12134): Parameter "width_a" = "16"
    Info (12134): Parameter "width_byteena_a" = "1"
Info (12021): Found 1 design units, including 1 entities, in source file db/altsyncram_j6g1.tdf
    Info (12023): Found entity 1: altsyncram_j6g1
Info (12128): Elaborating entity "altsyncram_j6g1" for hierarchy "ram128:ram_rel|altsyncram:altsyncram_component|altsyncram_j6g1:auto_generated"
Info (12128): Elaborating entity "wnp" for hierarchy "wnp:wnp_tab"
Info (12128): Elaborating entity "altsyncram" for hierarchy "wnp:wnp_tab|altsyncram:altsyncram_component"
Info (12130): Elaborated megafunction instantiation "wnp:wnp_tab|altsyncram:altsyncram_component"
Info (12133): Instantiated megafunction "wnp:wnp_tab|altsyncram:altsyncram_component" with the following parameter:
    Info (12134): Parameter "address_aclr_a" = "NONE"
    Info (12134): Parameter "clock_enable_input_a" = "BYPASS"
    Info (12134): Parameter "clock_enable_output_a" = "BYPASS"
    Info (12134): Parameter "init_file" = "wnp64relimg88.mif"
    Info (12134): Parameter "intended_device_family" = "Cyclone IV E"
    Info (12134): Parameter "lpm_hint" = "ENABLE_RUNTIME_MOD=NO"
    Info (12134): Parameter "lpm_type" = "altsyncram"
    Info (12134): Parameter "numwords_a" = "64"
    Info (12134): Parameter "operation_mode" = "ROM"
    Info (12134): Parameter "outdata_aclr_a" = "NONE"
    Info (12134): Parameter "outdata_reg_a" = "UNREGISTERED"
    Info (12134): Parameter "widthad_a" = "6"
    Info (12134): Parameter "width_a" = "16"
    Info (12134): Parameter "width_byteena_a" = "1"
Info (12021): Found 1 design units, including 1 entities, in source file db/altsyncram_ufa1.tdf
    Info (12023): Found entity 1: altsyncram_ufa1
Info (12128): Elaborating entity "altsyncram_ufa1" for hierarchy "wnp:wnp_tab|altsyncram:altsyncram_component|altsyncram_ufa1:auto_generated"
Info (12128): Elaborating entity "butterfly_ra2_seri" for hierarchy "butterfly_ra2_seri:bfcalc"
Info (12128): Elaborating entity "butterfly_ra2" for hierarchy "butterfly_ra2_seri:bfcalc|butterfly_ra2:bflab1"
Info (278001): Inferred 4 megafunctions from design logic
    Info (278003): Inferred multiplier megafunction ("lpm_mult") from the following logic: "butterfly_ra2_seri:bfcalc|butterfly_ra2:bflab1|Mult3"
    Info (278003): Inferred multiplier megafunction ("lpm_mult") from the following logic: "butterfly_ra2_seri:bfcalc|butterfly_ra2:bflab1|Mult2"
    Info (278003): Inferred multiplier megafunction ("lpm_mult") from the following logic: "butterfly_ra2_seri:bfcalc|butterfly_ra2:bflab1|Mult1"
    Info (278003): Inferred multiplier megafunction ("lpm_mult") from the following logic: "butterfly_ra2_seri:bfcalc|butterfly_ra2:bflab1|Mult0"
Info (12130): Elaborated megafunction instantiation "butterfly_ra2_seri:bfcalc|butterfly_ra2:bflab1|lpm_mult:Mult3"
Info (12133): Instantiated megafunction "butterfly_ra2_seri:bfcalc|butterfly_ra2:bflab1|lpm_mult:Mult3" with the following parameter:
    Info (12134): Parameter "LPM_WIDTHA" = "8"
    Info (12134): Parameter "LPM_WIDTHB" = "8"
    Info (12134): Parameter "LPM_WIDTHP" = "16"
    Info (12134): Parameter "LPM_WIDTHR" = "16"
    Info (12134): Parameter "LPM_WIDTHS" = "1"
    Info (12134): Parameter "LPM_REPRESENTATION" = "SIGNED"
    Info (12134): Parameter "INPUT_A_IS_CONSTANT" = "NO"
    Info (12134): Parameter "INPUT_B_IS_CONSTANT" = "NO"
    Info (12134): Parameter "MAXIMIZE_SPEED" = "5"
Info (12021): Found 1 design units, including 1 entities, in source file db/mult_73t.tdf
    Info (12023): Found entity 1: mult_73t
Info (286030): Timing-Driven Synthesis is running
Info (17049): 8 registers lost all their fanouts during netlist optimizations.
Info (144001): Generated suppressed messages file G:/FPWG_WORK/FPGA_W/FFT_S1/FFT_20180922/proj/output_files/fft.map.smsg
Info (16010): Generating hard_block partition "hard_block:auto_generated_inst"
    Info (16011): Adding 0 node(s), including 0 DDIO, 0 PLL, 0 transceiver and 0 LCELL
Warning (21074): Design contains 8 input pin(s) that do not drive logic
    Warning (15610): No output dependent on input pin "data1[0]"
    Warning (15610): No output dependent on input pin "data1[1]"
    Warning (15610): No output dependent on input pin "data1[2]"
    Warning (15610): No output dependent on input pin "data1[3]"
    Warning (15610): No output dependent on input pin "data1[4]"
    Warning (15610): No output dependent on input pin "data1[5]"
    Warning (15610): No output dependent on input pin "data1[6]"
    Warning (15610): No output dependent on input pin "data1[7]"
Info (21057): Implemented 468 device resources after synthesis - the final resource count might be different
    Info (21058): Implemented 11 input pins
    Info (21059): Implemented 17 output pins
    Info (21061): Implemented 404 logic cells
    Info (21064): Implemented 32 RAM segments
    Info (21062): Implemented 4 DSP elements
Info: Quartus II 64-Bit Analysis & Synthesis was successful. 0 errors, 9 warnings
    Info: Peak virtual memory: 4646 megabytes
    Info: Processing ended: Sat Sep 22 20:12:37 2018
    Info: Elapsed time: 00:00:06
    Info: Total CPU time (on all processors): 00:00:06


+------------------------------------------+
; Analysis & Synthesis Suppressed Messages ;
+------------------------------------------+
The suppressed messages can be found in G:/FPWG_WORK/FPGA_W/FFT_S1/FFT_20180922/proj/output_files/fft.map.smsg.


